08/07 17:09:32.77 HFP_STATE : [<< 54:__:__:__:__:76 >>] : CONNECTED -> DISCONNECTED
08/08 10:11:31.15 HFP_STATE : [<< 54:__:__:__:__:76 >>] : CONNECTED -> DISCONNECTED
08/10 16:02:18.01  onListenerConnected()
08/10 16:02:18.50  onListenerDisconnected()
08/11 17:40:06.72  onListenerConnected()
08/11 17:40:07.27  onListenerDisconnected()
08/11 17:48:59.06 HFP_STATE : [<< 54:__:__:__:__:76 >>] : CONNECTED -> DISCONNECTED
08/11 17:49:12.17 HFP_STATE : [<< 54:__:__:__:__:76 >>] : DISCONNECTED -> CONNECTING...
08/11 17:49:12.29 HFP_STATE : [<< 54:__:__:__:__:76 >>] : CONNECTING... -> CONNECTED
08/11 18:01:24.10 HFP_STATE : [<< 54:__:__:__:__:76 >>] : CONNECTED -> DISCONNECTED
08/11 18:01:37.67 HFP_STATE : [<< 54:__:__:__:__:76 >>] : DISCONNECTED -> CONNECTING...
08/11 18:01:37.81 HFP_STATE : [<< 54:__:__:__:__:76 >>] : CONNECTING... -> CONNECTED
08/11 19:11:40.41 HFP_STATE : [<< 54:__:__:__:__:76 >>] : DISCONNECTED -> CONNECTING...
08/11 19:11:40.56 HFP_STATE : [<< 54:__:__:__:__:76 >>] : CONNECTING... -> CONNECTED
08/11 20:48:03.29 HFP_STATE : [<< 54:__:__:__:__:76 >>] : DISCONNECTED -> CONNECTING...
08/11 20:48:05.40 HFP_STATE : [<< 54:__:__:__:__:76 >>] : CONNECTING... -> CONNECTED
08/11 20:48:14.04 HFP_STATE : [<< 54:__:__:__:__:76 >>] : CONNECTED -> DISCONNECTED
08/11 20:48:19.28 HFP_STATE : [<< 54:__:__:__:__:76 >>] : DISCONNECTED -> CONNECTING...
08/11 20:48:19.40 HFP_STATE : [<< 54:__:__:__:__:76 >>] : CONNECTING... -> CONNECTED
08/11 20:48:23.51 HFP_STATE : [<< 54:__:__:__:__:76 >>] : CONNECTED -> DISCONNECTING...
08/11 20:48:24.05 HFP_STATE : [<< 54:__:__:__:__:76 >>] : DISCONNECTING... -> DISCONNECTED
08/11 20:48:24.79 HFP_STATE : [<< 54:__:__:__:__:76 >>] : DISCONNECTED -> CONNECTING...
08/11 20:48:27.52 HFP_STATE : [<< 54:__:__:__:__:76 >>] : CONNECTING... -> CONNECTED
08/12 17:32:41.94  onListenerConnected()
08/12 17:32:42.67  onListenerDisconnected()
08/13 17:39:12.44  onListenerConnected()
08/13 17:39:12.76  onListenerDisconnected()
08/13 18:22:10.50 HFP_STATE : [<< 54:__:__:__:__:76 >>] : CONNECTED -> DISCONNECTED
08/13 18:22:26.41 HFP_STATE : [<< 54:__:__:__:__:76 >>] : DISCONNECTED -> CONNECTING...
08/13 18:22:26.66 HFP_STATE : [<< 54:__:__:__:__:76 >>] : CONNECTING... -> CONNECTED
08/13 18:23:29.61 HFP_STATE : [<< 54:__:__:__:__:76 >>] : CONNECTED -> DISCONNECTED
08/14 06:31:08.22 HFP_STATE : [<< 54:__:__:__:__:76 >>] : CONNECTED -> DISCONNECTED
08/14 06:34:03.23 HFP_STATE : [<< 54:__:__:__:__:76 >>] : DISCONNECTED -> CONNECTING...
08/14 06:34:03.48 HFP_STATE : [<< 54:__:__:__:__:76 >>] : CONNECTING... -> CONNECTED
08/14 06:36:03.86 HFP_STATE : [<< 54:__:__:__:__:76 >>] : CONNECTED -> DISCONNECTED
08/14 07:48:28.66 HFP_STATE : [<< 54:__:__:__:__:76 >>] : DISCONNECTED -> CONNECTING...
08/14 07:48:28.76 HFP_STATE : [<< 54:__:__:__:__:76 >>] : CONNECTING... -> CONNECTED
08/14 17:33:06.50  onListenerConnected()
08/14 17:33:06.60  onListenerDisconnected()
08/15 10:45:57.00 HFP_STATE : [<< 54:__:__:__:__:76 >>] : DISCONNECTED -> CONNECTING...
08/15 10:45:57.19 HFP_STATE : [<< 54:__:__:__:__:76 >>] : CONNECTING... -> CONNECTED
08/16 13:26:08.78 HFP_STATE : [<< 54:__:__:__:__:76 >>] : DISCONNECTED -> CONNECTING...
08/16 13:26:09.12 HFP_STATE : [<< 54:__:__:__:__:76 >>] : CONNECTING... -> CONNECTED
08/17 09:28:07.99 HFP_STATE : [<< 54:__:__:__:__:76 >>] : CONNECTED -> DISCONNECTED
08/17 09:28:26.98 HFP_STATE : [<< 54:__:__:__:__:76 >>] : DISCONNECTED -> CONNECTING...
08/17 09:28:27.11 HFP_STATE : [<< 54:__:__:__:__:76 >>] : CONNECTING... -> CONNECTED
08/17 10:18:12.31 HFP_STATE : [<< 54:__:__:__:__:76 >>] : DISCONNECTED -> CONNECTING...
08/17 10:18:12.40 HFP_STATE : [<< 54:__:__:__:__:76 >>] : CONNECTING... -> CONNECTED
08/18 06:37:00.51 HFP_STATE : [<< 54:__:__:__:__:76 >>] : CONNECTED -> DISCONNECTED
08/18 07:15:49.86 HFP_STATE : [<< 54:__:__:__:__:76 >>] : DISCONNECTED -> CONNECTING...
08/18 07:15:50.18 HFP_STATE : [<< 54:__:__:__:__:76 >>] : CONNECTING... -> CONNECTED
08/18 17:32:07.89  onListenerConnected()
08/18 17:32:08.33  onListenerDisconnected()
08/19 08:25:37.37 HFP_STATE : [<< 04:__:__:__:__:01 >>] : CONNECTING... -> DISCONNECTED
08/19 08:25:43.78 A2DP_STATE : [<< 04:__:__:__:__:01 >>] : CONNECTING... -> DISCONNECTED
08/19 17:34:16.92  onListenerConnected()
08/19 17:34:17.07  onListenerDisconnected()
08/19 18:29:45.16 HFP_STATE : [<< 54:__:__:__:__:76 >>] : CONNECTED -> DISCONNECTED
08/19 18:29:58.72 HFP_STATE : [<< 54:__:__:__:__:76 >>] : DISCONNECTED -> CONNECTING...
08/19 18:29:58.83 HFP_STATE : [<< 54:__:__:__:__:76 >>] : CONNECTING... -> CONNECTED
08/19 19:25:43.61 HFP_STATE : [<< 54:__:__:__:__:76 >>] : DISCONNECTED -> CONNECTING...
08/19 19:25:43.85 HFP_STATE : [<< 54:__:__:__:__:76 >>] : CONNECTING... -> CONNECTED
08/19 19:26:59.46 HFP_STATE : [<< 54:__:__:__:__:76 >>] : CONNECTED -> DISCONNECTED
08/19 19:32:36.70 HFP_STATE : [<< 54:__:__:__:__:76 >>] : DISCONNECTED -> CONNECTING...
08/19 19:32:36.83 HFP_STATE : [<< 54:__:__:__:__:76 >>] : CONNECTING... -> CONNECTED
08/19 21:32:22.76 HFP_STATE : [<< 54:__:__:__:__:76 >>] : DISCONNECTED -> CONNECTING...
08/19 21:32:22.87 HFP_STATE : [<< 54:__:__:__:__:76 >>] : CONNECTING... -> CONNECTED
08/19 21:32:59.07 HFP_STATE : [<< 54:__:__:__:__:76 >>] : CONNECTED -> DISCONNECTED
08/19 21:33:10.08 HFP_STATE : [<< 54:__:__:__:__:76 >>] : DISCONNECTED -> CONNECTING...
08/19 21:33:10.18 HFP_STATE : [<< 54:__:__:__:__:76 >>] : CONNECTING... -> CONNECTED
08/19 21:34:54.59 HFP_STATE : [<< 54:__:__:__:__:76 >>] : CONNECTED -> DISCONNECTED
08/19 21:35:10.67 HFP_STATE : [<< 54:__:__:__:__:76 >>] : DISCONNECTED -> CONNECTING...
08/19 21:35:10.77 HFP_STATE : [<< 54:__:__:__:__:76 >>] : CONNECTING... -> CONNECTED
08/20 17:33:20.21  onListenerConnected()
08/20 17:33:20.35  onListenerDisconnected()
08/20 18:35:55.07 HFP_STATE : [<< 54:__:__:__:__:76 >>] : CONNECTED -> DISCONNECTED
08/20 18:36:08.52 HFP_STATE : [<< 54:__:__:__:__:76 >>] : DISCONNECTED -> CONNECTING...
08/20 18:36:08.74 HFP_STATE : [<< 54:__:__:__:__:76 >>] : CONNECTING... -> CONNECTED
08/21 17:31:21.45  onListenerConnected()
08/21 17:31:21.72  onListenerDisconnected()
08/22 17:34:13.90  onListenerConnected()
08/22 17:34:14.27  onListenerDisconnected()
08/23 07:24:15.86 HFP_STATE : [<< 54:__:__:__:__:76 >>] : CONNECTED -> DISCONNECTED
08/23 08:19:05.70 HFP_STATE : [<< 54:__:__:__:__:76 >>] : DISCONNECTED -> CONNECTING...
08/23 08:19:05.96 HFP_STATE : [<< 54:__:__:__:__:76 >>] : CONNECTING... -> CONNECTED
08/25 17:31:48.96  onListenerConnected()
08/25 17:31:49.71  onListenerDisconnected()
08/25 17:56:00.85 HFP_STATE : [<< 54:__:__:__:__:76 >>] : CONNECTED -> DISCONNECTED
08/25 17:56:14.02 HFP_STATE : [<< 54:__:__:__:__:76 >>] : DISCONNECTED -> CONNECTING...
08/25 17:56:14.17 HFP_STATE : [<< 54:__:__:__:__:76 >>] : CONNECTING... -> CONNECTED
08/26 17:35:27.82  onListenerConnected()
08/26 17:35:28.60  onListenerDisconnected()
08/26 18:31:57.96 HFP_STATE : [<< 54:__:__:__:__:76 >>] : CONNECTED -> DISCONNECTED
08/26 18:32:11.54 HFP_STATE : [<< 54:__:__:__:__:76 >>] : DISCONNECTED -> CONNECTING...
08/26 18:32:11.67 HFP_STATE : [<< 54:__:__:__:__:76 >>] : CONNECTING... -> CONNECTED
08/26 18:35:16.50 HFP_STATE : [<< 54:__:__:__:__:76 >>] : CONNECTED -> DISCONNECTED
08/27 17:31:38.26  onListenerConnected()
08/27 17:31:39.72  onListenerDisconnected()
08/27 22:11:37.76  onListenerConnected()
08/27 22:11:37.99  onListenerDisconnected()
08/28 17:54:20.39  onListenerConnected()
08/28 17:54:20.98  onListenerDisconnected()
08/29 17:30:59.49  onListenerConnected()
08/29 17:30:59.73  onListenerDisconnected()
08/30 12:47:48.77  onListenerConnected()
08/30 12:47:49.90  onListenerDisconnected()
08/31 20:07:36.15 HFP_STATE : [<< 1C:__:__:__:__:4C >>] : CONNECTED -> DISCONNECTED
08/31 20:07:36.35 A2DP_STATE : [<< 1C:__:__:__:__:4C >>] : CONNECTED -> DISCONNECTED
09/01 17:33:04.62  onListenerConnected()
09/01 17:33:04.70  onListenerDisconnected()
09/02 17:45:24.68  onListenerConnected()
09/02 17:45:24.92  onListenerDisconnected()
09/03 17:03:31.34  onListenerConnected()
09/03 17:03:32.13  onListenerDisconnected()
09/04 17:34:26.67  onListenerConnected()
09/04 17:34:26.77  onListenerDisconnected()
09/05 16:41:47.17  onListenerConnected()
09/05 16:41:47.65  onListenerDisconnected()
09/05 19:27:19.80  onListenerConnected()
09/05 19:27:20.05  onListenerDisconnected()
09/06 12:44:37.54 HFP_STATE : [<< 1C:__:__:__:__:4C >>] : CONNECTED -> DISCONNECTED
09/06 12:44:37.57 A2DP_STATE : [<< 1C:__:__:__:__:4C >>] : CONNECTED -> DISCONNECTED
09/06 19:08:45.94  onListenerConnected()
09/06 19:08:46.99  onListenerDisconnected()
09/08 17:31:02.88  onListenerConnected()
09/08 17:31:03.18  onListenerDisconnected()
09/09 17:31:35.15  onListenerConnected()
09/09 17:31:35.52  onListenerDisconnected()
09/09 21:47:33.22 HFP_STATE : [<< 1C:__:__:__:__:4C >>] : CONNECTED -> DISCONNECTED
09/09 21:47:33.33 A2DP_STATE : [<< 1C:__:__:__:__:4C >>] : CONNECTED -> DISCONNECTED
09/10 07:04:32.62  onListenerConnected()
09/10 07:04:32.80  onListenerDisconnected()
09/10 17:34:43.74  onListenerConnected()
09/10 17:34:44.16  onListenerDisconnected()
09/11 17:36:57.65  onListenerConnected()
09/11 17:36:58.13  onListenerDisconnected()
