08/07 17:09:32.81 HFP_STATE : [<< 54:__:__:__:__:76 >>] : CONNECTED -> DISCONNECTED
08/08 10:11:31.16 HFP_STATE : [<< 54:__:__:__:__:76 >>] : CONNECTED -> DISCONNECTED
08/10 16:02:18.28  onListenerConnected()
08/10 16:02:18.46  onListenerDisconnected()
08/11 17:40:06.44  onListenerConnected()
08/11 17:40:07.13  onListenerDisconnected()
08/11 17:49:12.18 HFP_STATE : [<< 54:__:__:__:__:76 >>] : DISCONNECTED -> CONNECTING...
08/11 17:49:12.28 HFP_STATE : [<< 54:__:__:__:__:76 >>] : CONNECTING... -> CONNECTED
08/11 18:01:24.10 HFP_STATE : [<< 54:__:__:__:__:76 >>] : CONNECTED -> DISCONNECTED
08/11 18:01:37.67 HFP_STATE : [<< 54:__:__:__:__:76 >>] : DISCONNECTED -> CONNECTING...
08/11 18:01:37.82 HFP_STATE : [<< 54:__:__:__:__:76 >>] : CONNECTING... -> CONNECTED
08/11 19:11:40.41 HFP_STATE : [<< 54:__:__:__:__:76 >>] : DISCONNECTED -> CONNECTING...
08/11 19:11:40.56 HFP_STATE : [<< 54:__:__:__:__:76 >>] : CONNECTING... -> CONNECTED
08/11 20:48:03.28 HFP_STATE : [<< 54:__:__:__:__:76 >>] : DISCONNECTED -> CONNECTING...
08/11 20:48:05.41 HFP_STATE : [<< 54:__:__:__:__:76 >>] : CONNECTING... -> CONNECTED
08/11 20:48:14.05 HFP_STATE : [<< 54:__:__:__:__:76 >>] : CONNECTED -> DISCONNECTED
08/11 20:48:19.28 HFP_STATE : [<< 54:__:__:__:__:76 >>] : DISCONNECTED -> CONNECTING...
08/11 20:48:19.40 HFP_STATE : [<< 54:__:__:__:__:76 >>] : CONNECTING... -> CONNECTED
08/11 20:48:23.51 HFP_STATE : [<< 54:__:__:__:__:76 >>] : CONNECTED -> DISCONNECTING...
08/11 20:48:24.05 HFP_STATE : [<< 54:__:__:__:__:76 >>] : DISCONNECTING... -> DISCONNECTED
08/11 20:48:24.80 HFP_STATE : [<< 54:__:__:__:__:76 >>] : DISCONNECTED -> CONNECTING...
08/11 20:48:27.51 HFP_STATE : [<< 54:__:__:__:__:76 >>] : CONNECTING... -> CONNECTED
08/12 17:32:41.50  onListenerConnected()
08/12 17:32:42.21  onListenerDisconnected()
08/13 17:39:10.86  onListenerConnected()
08/13 17:39:11.06  onListenerDisconnected()
08/13 18:22:10.49 HFP_STATE : [<< 54:__:__:__:__:76 >>] : CONNECTED -> DISCONNECTED
08/13 18:22:26.41 HFP_STATE : [<< 54:__:__:__:__:76 >>] : DISCONNECTED -> CONNECTING...
08/13 18:22:26.66 HFP_STATE : [<< 54:__:__:__:__:76 >>] : CONNECTING... -> CONNECTED
08/13 18:23:29.61 HFP_STATE : [<< 54:__:__:__:__:76 >>] : CONNECTED -> DISCONNECTED
08/14 06:31:08.21 HFP_STATE : [<< 54:__:__:__:__:76 >>] : CONNECTED -> DISCONNECTED
08/14 06:34:03.23 HFP_STATE : [<< 54:__:__:__:__:76 >>] : DISCONNECTED -> CONNECTING...
08/14 06:34:03.48 HFP_STATE : [<< 54:__:__:__:__:76 >>] : CONNECTING... -> CONNECTED
08/14 06:36:03.86 HFP_STATE : [<< 54:__:__:__:__:76 >>] : CONNECTED -> DISCONNECTED
08/14 07:48:28.66 HFP_STATE : [<< 54:__:__:__:__:76 >>] : DISCONNECTED -> CONNECTING...
08/14 07:48:28.78 HFP_STATE : [<< 54:__:__:__:__:76 >>] : CONNECTING... -> CONNECTED
08/14 17:33:06.08  onListenerConnected()
08/14 17:33:06.39  onListenerDisconnected()
08/15 10:45:57.00 HFP_STATE : [<< 54:__:__:__:__:76 >>] : DISCONNECTED -> CONNECTING...
08/15 10:45:57.19 HFP_STATE : [<< 54:__:__:__:__:76 >>] : CONNECTING... -> CONNECTED
08/16 13:26:08.78 HFP_STATE : [<< 54:__:__:__:__:76 >>] : DISCONNECTED -> CONNECTING...
08/16 13:26:09.11 HFP_STATE : [<< 54:__:__:__:__:76 >>] : CONNECTING... -> CONNECTED
08/17 09:28:07.99 HFP_STATE : [<< 54:__:__:__:__:76 >>] : CONNECTED -> DISCONNECTED
08/17 09:28:26.98 HFP_STATE : [<< 54:__:__:__:__:76 >>] : DISCONNECTED -> CONNECTING...
08/17 09:28:27.10 HFP_STATE : [<< 54:__:__:__:__:76 >>] : CONNECTING... -> CONNECTED
08/17 10:18:12.30 HFP_STATE : [<< 54:__:__:__:__:76 >>] : DISCONNECTED -> CONNECTING...
08/17 10:18:12.40 HFP_STATE : [<< 54:__:__:__:__:76 >>] : CONNECTING... -> CONNECTED
08/18 06:37:00.50 HFP_STATE : [<< 54:__:__:__:__:76 >>] : CONNECTED -> DISCONNECTED
08/18 07:15:49.87 HFP_STATE : [<< 54:__:__:__:__:76 >>] : DISCONNECTED -> CONNECTING...
08/18 07:15:50.18 HFP_STATE : [<< 54:__:__:__:__:76 >>] : CONNECTING... -> CONNECTED
08/18 17:32:12.36  onListenerConnected()
08/18 17:32:12.43  onListenerDisconnected()
08/19 08:25:37.36 HFP_STATE : [<< 04:__:__:__:__:01 >>] : CONNECTING... -> DISCONNECTED
08/19 08:25:43.77 A2DP_STATE : [<< 04:__:__:__:__:01 >>] : CONNECTING... -> DISCONNECTED
08/19 17:34:19.73  onListenerConnected()
08/19 17:34:19.94  onListenerDisconnected()
08/19 18:29:45.15 HFP_STATE : [<< 54:__:__:__:__:76 >>] : CONNECTED -> DISCONNECTED
08/19 18:29:58.72 HFP_STATE : [<< 54:__:__:__:__:76 >>] : DISCONNECTED -> CONNECTING...
08/19 18:29:58.85 HFP_STATE : [<< 54:__:__:__:__:76 >>] : CONNECTING... -> CONNECTED
08/19 19:25:43.61 HFP_STATE : [<< 54:__:__:__:__:76 >>] : DISCONNECTED -> CONNECTING...
08/19 19:25:43.85 HFP_STATE : [<< 54:__:__:__:__:76 >>] : CONNECTING... -> CONNECTED
08/19 19:26:59.45 HFP_STATE : [<< 54:__:__:__:__:76 >>] : CONNECTED -> DISCONNECTED
08/19 19:32:36.71 HFP_STATE : [<< 54:__:__:__:__:76 >>] : DISCONNECTED -> CONNECTING...
08/19 19:32:36.83 HFP_STATE : [<< 54:__:__:__:__:76 >>] : CONNECTING... -> CONNECTED
08/19 21:32:22.75 HFP_STATE : [<< 54:__:__:__:__:76 >>] : DISCONNECTED -> CONNECTING...
08/19 21:32:22.88 HFP_STATE : [<< 54:__:__:__:__:76 >>] : CONNECTING... -> CONNECTED
08/19 21:32:59.07 HFP_STATE : [<< 54:__:__:__:__:76 >>] : CONNECTED -> DISCONNECTED
08/19 21:33:10.08 HFP_STATE : [<< 54:__:__:__:__:76 >>] : DISCONNECTED -> CONNECTING...
08/19 21:33:10.18 HFP_STATE : [<< 54:__:__:__:__:76 >>] : CONNECTING... -> CONNECTED
08/19 21:34:54.60 HFP_STATE : [<< 54:__:__:__:__:76 >>] : CONNECTED -> DISCONNECTED
08/19 21:35:10.67 HFP_STATE : [<< 54:__:__:__:__:76 >>] : DISCONNECTED -> CONNECTING...
08/19 21:35:10.78 HFP_STATE : [<< 54:__:__:__:__:76 >>] : CONNECTING... -> CONNECTED
08/20 17:33:20.13  onListenerConnected()
08/20 17:33:20.28  onListenerDisconnected()
08/20 18:35:55.06 HFP_STATE : [<< 54:__:__:__:__:76 >>] : CONNECTED -> DISCONNECTED
08/20 18:36:08.52 HFP_STATE : [<< 54:__:__:__:__:76 >>] : DISCONNECTED -> CONNECTING...
08/20 18:36:08.74 HFP_STATE : [<< 54:__:__:__:__:76 >>] : CONNECTING... -> CONNECTED
08/21 17:31:22.37  onListenerConnected()
08/21 17:31:23.26  onListenerDisconnected()
08/22 17:34:13.85  onListenerConnected()
08/22 17:34:14.13  onListenerDisconnected()
08/23 07:24:15.88 HFP_STATE : [<< 54:__:__:__:__:76 >>] : CONNECTED -> DISCONNECTED
08/23 08:19:05.70 HFP_STATE : [<< 54:__:__:__:__:76 >>] : DISCONNECTED -> CONNECTING...
08/23 08:19:05.96 HFP_STATE : [<< 54:__:__:__:__:76 >>] : CONNECTING... -> CONNECTED
08/25 17:31:49.94  onListenerConnected()
08/25 17:31:50.43  onListenerDisconnected()
08/25 17:56:00.84 HFP_STATE : [<< 54:__:__:__:__:76 >>] : CONNECTED -> DISCONNECTED
08/25 17:56:14.03 HFP_STATE : [<< 54:__:__:__:__:76 >>] : DISCONNECTED -> CONNECTING...
08/25 17:56:14.17 HFP_STATE : [<< 54:__:__:__:__:76 >>] : CONNECTING... -> CONNECTED
08/26 17:35:30.41  onListenerConnected()
08/26 17:35:30.86  onListenerDisconnected()
08/26 18:31:57.96 HFP_STATE : [<< 54:__:__:__:__:76 >>] : CONNECTED -> DISCONNECTED
08/26 18:32:11.54 HFP_STATE : [<< 54:__:__:__:__:76 >>] : DISCONNECTED -> CONNECTING...
08/26 18:32:11.67 HFP_STATE : [<< 54:__:__:__:__:76 >>] : CONNECTING... -> CONNECTED
08/26 18:35:16.50 HFP_STATE : [<< 54:__:__:__:__:76 >>] : CONNECTED -> DISCONNECTED
08/27 17:31:38.54  onListenerConnected()
08/27 17:31:39.04  onListenerDisconnected()
08/27 22:11:37.65  onListenerConnected()
08/27 22:11:37.94  onListenerDisconnected()
08/28 17:54:21.17  onListenerConnected()
08/28 17:54:21.75  onListenerDisconnected()
08/29 17:30:59.31  onListenerConnected()
08/29 17:30:59.60  onListenerDisconnected()
08/30 12:47:49.10  onListenerConnected()
08/30 12:47:49.86  onListenerDisconnected()
08/31 20:07:36.15 HFP_STATE : [<< 1C:__:__:__:__:4C >>] : CONNECTED -> DISCONNECTED
08/31 20:07:36.35 A2DP_STATE : [<< 1C:__:__:__:__:4C >>] : CONNECTED -> DISCONNECTED
09/01 17:33:02.87  onListenerConnected()
09/01 17:33:03.92  onListenerDisconnected()
09/02 17:45:24.62  onListenerConnected()
09/02 17:45:24.83  onListenerDisconnected()
09/03 17:03:31.47  onListenerConnected()
09/03 17:03:32.36  onListenerDisconnected()
09/04 17:34:27.61  onListenerConnected()
09/04 17:34:28.03  onListenerDisconnected()
09/05 16:41:50.20  onListenerConnected()
09/05 16:41:50.74  onListenerDisconnected()
09/05 19:27:21.00  onListenerConnected()
09/05 19:27:21.24  onListenerDisconnected()
09/06 12:44:37.54 HFP_STATE : [<< 1C:__:__:__:__:4C >>] : CONNECTED -> DISCONNECTED
09/06 12:44:37.61 A2DP_STATE : [<< 1C:__:__:__:__:4C >>] : CONNECTED -> DISCONNECTED
09/06 19:08:46.02  onListenerConnected()
09/06 19:08:46.90  onListenerDisconnected()
09/08 17:31:04.82  onListenerConnected()
09/08 17:31:05.14  onListenerDisconnected()
09/09 17:31:35.08  onListenerConnected()
09/09 17:31:35.41  onListenerDisconnected()
09/09 21:47:33.22 HFP_STATE : [<< 1C:__:__:__:__:4C >>] : CONNECTED -> DISCONNECTED
09/09 21:47:33.33 A2DP_STATE : [<< 1C:__:__:__:__:4C >>] : CONNECTED -> DISCONNECTED
09/10 07:04:35.63  onListenerConnected()
09/10 07:04:35.78  onListenerDisconnected()
09/10 17:34:44.06  onListenerConnected()
09/10 17:34:44.40  onListenerDisconnected()
09/11 17:36:58.25  onListenerConnected()
09/11 17:36:58.85  onListenerDisconnected()
